<?xml version="1.0" encoding="UTF-8"?>
<testng-results ignored="0" total="1" passed="0" failed="0" skipped="1">
  <reporter-output>
  </reporter-output>
  <suite started-at="2024-04-03T14:49:45 IST" name="Default suite" finished-at="2024-04-03T14:49:53 IST" duration-ms="8666">
    <groups>
    </groups>
    <test started-at="2024-04-03T14:49:45 IST" name="Default test" finished-at="2024-04-03T14:49:53 IST" duration-ms="8666">
      <class name="MyTests.GuruTests">
        <test-method is-config="true" signature="Setup()[pri:0, instance:MyTests.GuruTests@76a4ebf2]" started-at="2024-04-03T14:49:45 IST" name="Setup" finished-at="2024-04-03T14:49:53 IST" duration-ms="8578" status="FAIL">
          <exception class="java.lang.Error">
            <message>
              <![CDATA[Unresolved compilation problems: 
The constructor Object(WebDriver) is undefined
The method Sendkeys(By, String) is undefined for the type loginPgae
The method Sendkeys(By, String) is undefined for the type loginPgae
The method Click(By) is undefined for the type loginPgae
]]>
            </message>
            <full-stacktrace>
              <![CDATA[java.lang.Error: Unresolved compilation problems: 
The constructor Object(WebDriver) is undefined
The method Sendkeys(By, String) is undefined for the type loginPgae
The method Sendkeys(By, String) is undefined for the type loginPgae
The method Click(By) is undefined for the type loginPgae

at Pages.loginPgae.<init>(loginPgae.java:11)
at MyTests.BaseTest.Setup(BaseTest.java:24)
at java.base/jdk.internal.reflect.DirectMethodHandleAccessor.invoke(DirectMethodHandleAccessor.java:103)
at java.base/java.lang.reflect.Method.invoke(Method.java:580)
at org.testng.internal.invokers.MethodInvocationHelper.invokeMethod(MethodInvocationHelper.java:139)
at org.testng.internal.invokers.MethodInvocationHelper.invokeMethodConsideringTimeout(MethodInvocationHelper.java:69)
at org.testng.internal.invokers.ConfigInvoker.invokeConfigurationMethod(ConfigInvoker.java:393)
at org.testng.internal.invokers.ConfigInvoker.invokeConfigurations(ConfigInvoker.java:326)
at org.testng.TestRunner.invokeTestConfigurations(TestRunner.java:661)
at org.testng.TestRunner.beforeRun(TestRunner.java:650)
at org.testng.TestRunner.run(TestRunner.java:612)
at org.testng.SuiteRunner.runTest(SuiteRunner.java:443)
at org.testng.SuiteRunner.runSequentially(SuiteRunner.java:437)
at org.testng.SuiteRunner.privateRun(SuiteRunner.java:397)
at org.testng.SuiteRunner.run(SuiteRunner.java:336)
at org.testng.SuiteRunnerWorker.runSuite(SuiteRunnerWorker.java:52)
at org.testng.SuiteRunnerWorker.run(SuiteRunnerWorker.java:95)
at org.testng.TestNG.runSuitesSequentially(TestNG.java:1301)
at org.testng.TestNG.runSuitesLocally(TestNG.java:1228)
at org.testng.TestNG.runSuites(TestNG.java:1134)
at org.testng.TestNG.run(TestNG.java:1101)
at org.testng.remote.AbstractRemoteTestNG.run(AbstractRemoteTestNG.java:115)
at org.testng.remote.RemoteTestNG.initAndRun(RemoteTestNG.java:251)
at org.testng.remote.RemoteTestNG.main(RemoteTestNG.java:77)
]]>
            </full-stacktrace>
          </exception> <!-- java.lang.Error -->
          <reporter-output>
          </reporter-output>
        </test-method> <!-- Setup -->
        <test-method signature="Login()[pri:0, instance:MyTests.GuruTests@76a4ebf2]" started-at="2024-04-03T14:49:53 IST" name="Login" finished-at="2024-04-03T14:49:53 IST" duration-ms="0" status="SKIP">
          <exception class="java.lang.Error">
            <message>
              <![CDATA[Unresolved compilation problems: 
The constructor Object(WebDriver) is undefined
The method Sendkeys(By, String) is undefined for the type loginPgae
The method Sendkeys(By, String) is undefined for the type loginPgae
The method Click(By) is undefined for the type loginPgae
]]>
            </message>
            <full-stacktrace>
              <![CDATA[java.lang.Error: Unresolved compilation problems: 
The constructor Object(WebDriver) is undefined
The method Sendkeys(By, String) is undefined for the type loginPgae
The method Sendkeys(By, String) is undefined for the type loginPgae
The method Click(By) is undefined for the type loginPgae

at Pages.loginPgae.<init>(loginPgae.java:11)
at MyTests.BaseTest.Setup(BaseTest.java:24)
at java.base/jdk.internal.reflect.DirectMethodHandleAccessor.invoke(DirectMethodHandleAccessor.java:103)
at java.base/java.lang.reflect.Method.invoke(Method.java:580)
at org.testng.internal.invokers.MethodInvocationHelper.invokeMethod(MethodInvocationHelper.java:139)
at org.testng.internal.invokers.MethodInvocationHelper.invokeMethodConsideringTimeout(MethodInvocationHelper.java:69)
at org.testng.internal.invokers.ConfigInvoker.invokeConfigurationMethod(ConfigInvoker.java:393)
at org.testng.internal.invokers.ConfigInvoker.invokeConfigurations(ConfigInvoker.java:326)
at org.testng.TestRunner.invokeTestConfigurations(TestRunner.java:661)
at org.testng.TestRunner.beforeRun(TestRunner.java:650)
at org.testng.TestRunner.run(TestRunner.java:612)
at org.testng.SuiteRunner.runTest(SuiteRunner.java:443)
at org.testng.SuiteRunner.runSequentially(SuiteRunner.java:437)
at org.testng.SuiteRunner.privateRun(SuiteRunner.java:397)
at org.testng.SuiteRunner.run(SuiteRunner.java:336)
at org.testng.SuiteRunnerWorker.runSuite(SuiteRunnerWorker.java:52)
at org.testng.SuiteRunnerWorker.run(SuiteRunnerWorker.java:95)
at org.testng.TestNG.runSuitesSequentially(TestNG.java:1301)
at org.testng.TestNG.runSuitesLocally(TestNG.java:1228)
at org.testng.TestNG.runSuites(TestNG.java:1134)
at org.testng.TestNG.run(TestNG.java:1101)
at org.testng.remote.AbstractRemoteTestNG.run(AbstractRemoteTestNG.java:115)
at org.testng.remote.RemoteTestNG.initAndRun(RemoteTestNG.java:251)
at org.testng.remote.RemoteTestNG.main(RemoteTestNG.java:77)
]]>
            </full-stacktrace>
          </exception> <!-- java.lang.Error -->
          <reporter-output>
          </reporter-output>
        </test-method> <!-- Login -->
        <test-method is-config="true" signature="Closeapp()[pri:0, instance:MyTests.GuruTests@76a4ebf2]" started-at="2024-04-03T14:49:53 IST" name="Closeapp" finished-at="2024-04-03T14:49:53 IST" duration-ms="0" status="SKIP">
          <reporter-output>
          </reporter-output>
        </test-method> <!-- Closeapp -->
      </class> <!-- MyTests.GuruTests -->
    </test> <!-- Default test -->
  </suite> <!-- Default suite -->
</testng-results>
